# JRE version: OpenJDK Runtime Environment Corretto-11.0.22.7.1 (11.0.22+7) (build 11.0.22+7-LTS)
# Java VM: OpenJDK 64-Bit Server VM Corretto-11.0.22.7.1 (11.0.22+7-LTS, mixed mode, tiered, compressed oops, g1 gc, windows-amd64)
Heap:
 garbage-first heap   total 227328K, used 109151K [0x0000000722400000, 0x0000000800000000)
  region size 1024K, 97 young (99328K), 12 survivors (12288K)
 Metaspace       used 35340K, capacity 35910K, committed 36224K, reserved 1081344K
  class space    used 4036K, capacity 4238K, committed 4352K, reserved 1048576K
GC Heap History (8 events):
Event: 2.135 GC heap before
{Heap before GC invocations=0 (full 0):
 garbage-first heap   total 227328K, used 26624K [0x0000000722400000, 0x0000000800000000)
  region size 1024K, 24 young (24576K), 0 survivors (0K)
 Metaspace       used 14911K, capacity 15105K, committed 15360K, reserved 1062912K
  class space    used 1384K, capacity 1493K, committed 1536K, reserved 1048576K
}
Event: 2.147 GC heap after
{Heap after GC invocations=1 (full 0):
 garbage-first heap   total 227328K, used 4747K [0x0000000722400000, 0x0000000800000000)
  region size 1024K, 3 young (3072K), 3 survivors (3072K)
 Metaspace       used 14911K, capacity 15105K, committed 15360K, reserved 1062912K
  class space    used 1384K, capacity 1493K, committed 1536K, reserved 1048576K
}
Event: 3.274 GC heap before
{Heap before GC invocations=1 (full 0):
 garbage-first heap   total 227328K, used 23179K [0x0000000722400000, 0x0000000800000000)
  region size 1024K, 22 young (22528K), 3 survivors (3072K)
 Metaspace       used 20914K, capacity 21140K, committed 21248K, reserved 1069056K
  class space    used 2125K, capacity 2233K, committed 2304K, reserved 1048576K
}
Event: 3.287 GC heap after
{Heap after GC invocations=2 (full 0):
 garbage-first heap   total 227328K, used 6156K [0x0000000722400000, 0x0000000800000000)
  region size 1024K, 5 young (5120K), 5 survivors (5120K)
 Metaspace       used 20914K, capacity 21140K, committed 21248K, reserved 1069056K
  class space    used 2125K, capacity 2233K, committed 2304K, reserved 1048576K
}
Event: 22.400 GC heap before
{Heap before GC invocations=3 (full 0):
 garbage-first heap   total 227328K, used 45068K [0x0000000722400000, 0x0000000800000000)
  region size 1024K, 40 young (40960K), 5 survivors (5120K)
 Metaspace       used 27791K, capacity 28148K, committed 28288K, reserved 1075200K
  class space    used 2962K, capacity 3075K, committed 3200K, reserved 1048576K
}
Event: 22.415 GC heap after
{Heap after GC invocations=4 (full 0):
 garbage-first heap   total 227328K, used 16049K [0x0000000722400000, 0x0000000800000000)
  region size 1024K, 5 young (5120K), 5 survivors (5120K)
 Metaspace       used 27791K, capacity 28148K, committed 28288K, reserved 1075200K
  class space    used 2962K, capacity 3075K, committed 3200K, reserved 1048576K
}
Event: 98.971 GC heap before
{Heap before GC invocations=4 (full 0):
 garbage-first heap   total 227328K, used 131761K [0x0000000722400000, 0x0000000800000000)
  region size 1024K, 117 young (119808K), 5 survivors (5120K)
 Metaspace       used 35289K, capacity 35814K, committed 35840K, reserved 1081344K
  class space    used 4031K, capacity 4206K, committed 4224K, reserved 1048576K
}
Event: 98.987 GC heap after
{Heap after GC invocations=5 (full 0):
 garbage-first heap   total 227328K, used 23135K [0x0000000722400000, 0x0000000800000000)
  region size 1024K, 12 young (12288K), 12 survivors (12288K)
 Metaspace       used 35289K, capacity 35814K, committed 35840K, reserved 1081344K
  class space    used 4031K, capacity 4206K, committed 4224K, reserved 1048576K
}

