# JRE version: OpenJDK Runtime Environment Corretto-11.0.22.7.1 (11.0.22+7) (build 11.0.22+7-LTS)
# Java VM: OpenJDK 64-Bit Server VM Corretto-11.0.22.7.1 (11.0.22+7-LTS, mixed mode, tiered, compressed oops, g1 gc, windows-amd64)
Heap:
 garbage-first heap   total 262144K, used 79360K [0x00000000e0000000, 0x0000000100000000)
  region size 1024K, 62 young (63488K), 6 survivors (6144K)
 Metaspace       used 40539K, capacity 41656K, committed 41936K, reserved 421888K
  class space    used 5193K, capacity 5628K, committed 5680K, reserved 385024K
GC Heap History (10 events):
Event: 1.448 GC heap before
{Heap before GC invocations=0 (full 0):
 garbage-first heap   total 262144K, used 27648K [0x00000000e0000000, 0x0000000100000000)
  region size 1024K, 24 young (24576K), 0 survivors (0K)
 Metaspace       used 9809K, capacity 10020K, committed 10368K, reserved 395264K
  class space    used 969K, capacity 1044K, committed 1152K, reserved 385024K
}
Event: 1.454 GC heap after
{Heap after GC invocations=1 (full 0):
 garbage-first heap   total 262144K, used 11020K [0x00000000e0000000, 0x0000000100000000)
  region size 1024K, 3 young (3072K), 3 survivors (3072K)
 Metaspace       used 9809K, capacity 10020K, committed 10368K, reserved 395264K
  class space    used 969K, capacity 1044K, committed 1152K, reserved 385024K
}
Event: 5.864 GC heap before
{Heap before GC invocations=1 (full 0):
 garbage-first heap   total 262144K, used 110348K [0x00000000e0000000, 0x0000000100000000)
  region size 1024K, 100 young (102400K), 3 survivors (3072K)
 Metaspace       used 20845K, capacity 21236K, committed 21296K, reserved 405504K
  class space    used 2426K, capacity 2574K, committed 2608K, reserved 385024K
}
Event: 5.886 GC heap after
{Heap after GC invocations=2 (full 0):
 garbage-first heap   total 262144K, used 18911K [0x00000000e0000000, 0x0000000100000000)
  region size 1024K, 11 young (11264K), 11 survivors (11264K)
 Metaspace       used 20845K, capacity 21236K, committed 21296K, reserved 405504K
  class space    used 2426K, capacity 2574K, committed 2608K, reserved 385024K
}
Event: 6.919 GC heap before
{Heap before GC invocations=3 (full 0):
 garbage-first heap   total 262144K, used 53727K [0x00000000e0000000, 0x0000000100000000)
  region size 1024K, 46 young (47104K), 11 survivors (11264K)
 Metaspace       used 24045K, capacity 24663K, committed 25008K, reserved 407552K
  class space    used 2929K, capacity 3148K, committed 3248K, reserved 385024K
}
Event: 6.931 GC heap after
{Heap after GC invocations=4 (full 0):
 garbage-first heap   total 262144K, used 20420K [0x00000000e0000000, 0x0000000100000000)
  region size 1024K, 2 young (2048K), 2 survivors (2048K)
 Metaspace       used 24045K, capacity 24663K, committed 25008K, reserved 407552K
  class space    used 2929K, capacity 3148K, committed 3248K, reserved 385024K
}
Event: 9.992 GC heap before
{Heap before GC invocations=4 (full 0):
 garbage-first heap   total 262144K, used 116676K [0x00000000e0000000, 0x0000000100000000)
  region size 1024K, 96 young (98304K), 2 survivors (2048K)
 Metaspace       used 32151K, capacity 32947K, committed 33200K, reserved 413696K
  class space    used 4200K, capacity 4511K, committed 4528K, reserved 385024K
}
Event: 9.997 GC heap after
{Heap after GC invocations=5 (full 0):
 garbage-first heap   total 262144K, used 23262K [0x00000000e0000000, 0x0000000100000000)
  region size 1024K, 5 young (5120K), 5 survivors (5120K)
 Metaspace       used 32151K, capacity 32947K, committed 33200K, reserved 413696K
  class space    used 4200K, capacity 4511K, committed 4528K, reserved 385024K
}
Event: 10.414 GC heap before
{Heap before GC invocations=5 (full 0):
 garbage-first heap   total 262144K, used 44766K [0x00000000e0000000, 0x0000000100000000)
  region size 1024K, 27 young (27648K), 5 survivors (5120K)
 Metaspace       used 34965K, capacity 35720K, committed 35920K, reserved 417792K
  class space    used 4588K, capacity 4906K, committed 5040K, reserved 385024K
}
Event: 10.424 GC heap after
{Heap after GC invocations=6 (full 0):
 garbage-first heap   total 262144K, used 24064K [0x00000000e0000000, 0x0000000100000000)
  region size 1024K, 6 young (6144K), 6 survivors (6144K)
 Metaspace       used 34965K, capacity 35720K, committed 35920K, reserved 417792K
  class space    used 4588K, capacity 4906K, committed 5040K, reserved 385024K
}

